<?xml version="1.0" encoding="UTF-8"?>
<!-- Generated by org.testng.reporters.JUnitReportReporter -->
<testsuite skipped="0" hostname="DESKTOP-82OA5DQ" name="variousConcepts.LearnTestNG" tests="1" failures="0" timestamp="2021-10-04T10:41:42 CDT" time="9.651" errors="0">
  <testcase name="loginTest1" time="9.651" classname="variousConcepts.LearnTestNG"/>
  <system-out/>
</testsuite> <!-- variousConcepts.LearnTestNG -->
